<?xml version="1.0" encoding="UTF-8"?>
<!-- Generated by org.testng.reporters.JUnitReportReporter -->
<testsuite skipped="0" hostname="DESKTOP-9RKPRPI" name="com.org.test.MavenProject1.Frame" tests="1" failures="0" timestamp="31 Mar 2019 04:18:02 GMT" time="0.910" errors="0">
  <testcase name="f" time="0.910" classname="com.org.test.MavenProject1.Frame"/>
</testsuite> <!-- com.org.test.MavenProject1.Frame -->
