<?xml version="1.0" encoding="UTF-8"?>
<!-- Generated by org.testng.reporters.JUnitReportReporter -->
<testsuite skipped="0" hostname="DESKTOP-9RKPRPI" name="com.org.test.MavenProject1.WindowHandling" tests="1" failures="0" timestamp="30 Mar 2019 07:06:43 GMT" time="3.311" errors="0">
  <testcase name="f" time="3.311" classname="com.org.test.MavenProject1.WindowHandling"/>
</testsuite> <!-- com.org.test.MavenProject1.WindowHandling -->
