<?xml version="1.0" encoding="UTF-8"?>
<!-- Generated by org.testng.reporters.JUnitReportReporter -->
<testsuite skipped="0" hostname="DESKTOP-9RKPRPI" name="com.org.test.MavenProject1.SecondTestNgClass" tests="1" failures="0" timestamp="19 Mar 2019 08:55:28 GMT" time="0.007" errors="0">
  <testcase name="f" time="0.007" classname="com.org.test.MavenProject1.SecondTestNgClass"/>
</testsuite> <!-- com.org.test.MavenProject1.SecondTestNgClass -->
