<?xml version="1.0" encoding="UTF-8"?>
<!-- Generated by org.testng.reporters.JUnitReportReporter -->
<testsuite skipped="0" hostname="DESKTOP-9RKPRPI" name="com.org.test.MavenProject1.Window" tests="1" failures="0" timestamp="30 Mar 2019 06:03:29 GMT" time="0.033" errors="0">
  <testcase name="f" time="0.033" classname="com.org.test.MavenProject1.Window"/>
</testsuite> <!-- com.org.test.MavenProject1.Window -->
